<?xml version="1.0" encoding="UTF-8"?>
<!-- Generated by org.testng.reporters.JUnitXMLReporter -->
<testsuite hostname="DESKTOP-VDQN2TJ" ignored="0" name="Test" tests="3" failures="0" timestamp="2021-07-17T15:36:39 IST" time="26.257" errors="0">
  <testcase name="registration" time="6.155" classname="org.testcases.RegistrationTest"/>
  <testcase name="fundTransfer" time="4.043" classname="org.testcases.RegistrationTest"/>
  <testcase name="accountActivity" time="6.844" classname="org.testcases.RegistrationTest"/>
</testsuite> <!-- Test -->
