<?xml version="1.0" encoding="UTF-8"?>
<!-- Generated by org.testng.reporters.JUnitXMLReporter -->
<testsuite hostname="DESKTOP-VDQN2TJ" ignored="0" name="Test" tests="3" failures="0" timestamp="2021-07-18T21:20:46 IST" time="19.933" errors="0">
  <testcase name="registration" time="6.3" classname="org.testcases.RegistrationTest"/>
  <testcase name="fundTransfer" time="4.758" classname="org.testcases.FundsTransferTest"/>
  <testcase name="accountActivity" time="7.782" classname="org.testcases.AccountsActivityTest"/>
</testsuite> <!-- Test -->
