<?xml version="1.0" encoding="UTF-8"?>
<testng-results skipped="0" failed="0" ignored="0" total="3" passed="3">
  <reporter-output>
  </reporter-output>
  <suite name="Suite" duration-ms="26257" started-at="2021-07-17T15:36:13 IST" finished-at="2021-07-17T15:36:39 IST">
    <groups>
    </groups>
    <test name="Test" duration-ms="26257" started-at="2021-07-17T15:36:13 IST" finished-at="2021-07-17T15:36:39 IST">
      <class name="org.testcases.RegistrationTest">
        <test-method status="PASS" signature="setup()[pri:0, instance:org.testcases.RegistrationTest@20d3d15a]" name="setup" is-config="true" duration-ms="7765" started-at="2021-07-17T15:36:13 IST" finished-at="2021-07-17T15:36:21 IST">
          <reporter-output>
          </reporter-output>
        </test-method> <!-- setup -->
        <test-method status="PASS" signature="registration(java.util.Hashtable)[pri:1, instance:org.testcases.RegistrationTest@20d3d15a]" name="registration" duration-ms="6155" started-at="2021-07-17T15:36:22 IST" data-provider="dp" finished-at="2021-07-17T15:36:28 IST">
          <params>
            <param index="0">
              <value>
                <![CDATA[{ConfirmPassword=password, Username=1234897, Phone=01135314748900, Address=cccc, firstname=aaaa, lastname=bbbb, Password=password, runmode=Y, City=Dublin, ZipCode=15, SSN=4128336663, State=cork}]]>
              </value>
            </param>
          </params>
          <reporter-output>
          </reporter-output>
        </test-method> <!-- registration -->
        <test-method status="PASS" signature="fundTransfer(java.util.Hashtable)[pri:2, instance:org.testcases.RegistrationTest@20d3d15a]" name="fundTransfer" duration-ms="4043" started-at="2021-07-17T15:36:28 IST" data-provider="dp" finished-at="2021-07-17T15:36:32 IST">
          <params>
            <param index="0">
              <value>
                <![CDATA[{Amount=120.0}]]>
              </value>
            </param>
          </params>
          <reporter-output>
          </reporter-output>
        </test-method> <!-- fundTransfer -->
        <test-method status="PASS" signature="accountActivity(java.util.Hashtable)[pri:3, instance:org.testcases.RegistrationTest@20d3d15a]" name="accountActivity" duration-ms="6844" started-at="2021-07-17T15:36:32 IST" data-provider="dp" finished-at="2021-07-17T15:36:39 IST">
          <params>
            <param index="0">
              <value>
                <![CDATA[{ActivityPeriod=July, Type=Debit}]]>
              </value>
            </param>
          </params>
          <reporter-output>
          </reporter-output>
        </test-method> <!-- accountActivity -->
        <test-method status="PASS" signature="teardown()[pri:0, instance:org.testcases.RegistrationTest@20d3d15a]" name="teardown" is-config="true" duration-ms="319" started-at="2021-07-17T15:36:39 IST" finished-at="2021-07-17T15:36:39 IST">
          <reporter-output>
          </reporter-output>
        </test-method> <!-- teardown -->
      </class> <!-- org.testcases.RegistrationTest -->
    </test> <!-- Test -->
  </suite> <!-- Suite -->
</testng-results>
