<?xml version="1.0" encoding="UTF-8"?>
<testng-results skipped="0" failed="0" ignored="0" total="3" passed="3">
  <reporter-output>
  </reporter-output>
  <suite name="Suite" duration-ms="19933" started-at="2021-07-18T21:20:26 IST" finished-at="2021-07-18T21:20:46 IST">
    <groups>
    </groups>
    <test name="Test" duration-ms="19933" started-at="2021-07-18T21:20:26 IST" finished-at="2021-07-18T21:20:46 IST">
      <class name="org.testcases.RegistrationTest">
        <test-method status="PASS" signature="setup()[pri:0, instance:org.testcases.RegistrationTest@2ed0fbae]" name="setup" is-config="true" duration-ms="8993" started-at="2021-07-18T21:20:17 IST" finished-at="2021-07-18T21:20:26 IST">
          <reporter-output>
          </reporter-output>
        </test-method> <!-- setup -->
        <test-method status="PASS" signature="registration(java.util.Hashtable)[pri:0, instance:org.testcases.RegistrationTest@2ed0fbae]" name="registration" duration-ms="6300" started-at="2021-07-18T21:20:27 IST" data-provider="dp" finished-at="2021-07-18T21:20:33 IST">
          <params>
            <param index="0">
              <value>
                <![CDATA[{ConfirmPassword=password, Username=1234899, Phone=01135314748900, Address=cccc, firstname=aaaa, lastname=bbbb, Password=password, runmode=Y, City=Dublin, ZipCode=15, SSN=4128336663, State=cork}]]>
              </value>
            </param>
          </params>
          <reporter-output>
          </reporter-output>
        </test-method> <!-- registration -->
        <test-method status="PASS" signature="teardown()[pri:0, instance:org.testcases.RegistrationTest@2ed0fbae]" name="teardown" is-config="true" duration-ms="503" started-at="2021-07-18T21:20:46 IST" finished-at="2021-07-18T21:20:47 IST">
          <reporter-output>
          </reporter-output>
        </test-method> <!-- teardown -->
      </class> <!-- org.testcases.RegistrationTest -->
      <class name="org.testcases.FundsTransferTest">
        <test-method status="PASS" signature="fundTransfer(java.util.Hashtable)[pri:0, instance:org.testcases.FundsTransferTest@17c386de]" name="fundTransfer" duration-ms="4758" started-at="2021-07-18T21:20:33 IST" data-provider="dp" finished-at="2021-07-18T21:20:38 IST">
          <params>
            <param index="0">
              <value>
                <![CDATA[{Amount=120.0}]]>
              </value>
            </param>
          </params>
          <reporter-output>
          </reporter-output>
        </test-method> <!-- fundTransfer -->
      </class> <!-- org.testcases.FundsTransferTest -->
      <class name="org.testcases.AccountsActivityTest">
        <test-method status="PASS" signature="accountActivity(java.util.Hashtable)[pri:3, instance:org.testcases.AccountsActivityTest@5af97850]" name="accountActivity" duration-ms="7782" started-at="2021-07-18T21:20:38 IST" data-provider="dp" finished-at="2021-07-18T21:20:46 IST">
          <params>
            <param index="0">
              <value>
                <![CDATA[{ActivityPeriod=July, Type=Debit}]]>
              </value>
            </param>
          </params>
          <reporter-output>
          </reporter-output>
        </test-method> <!-- accountActivity -->
      </class> <!-- org.testcases.AccountsActivityTest -->
    </test> <!-- Test -->
  </suite> <!-- Suite -->
</testng-results>
